<?xml version="1.0" encoding="UTF-8"?>
<!-- Generated by org.testng.reporters.JUnitReportReporter -->
<testsuite hostname="DESKTOP-089NAN2" name="registration.Testregistration" tests="1" failures="0" timestamp="17 Feb 2018 23:38:09 GMT" time="21.378" errors="0">
  <testcase name="checklogin" time="21.378" classname="registration.Testregistration"/>
</testsuite> <!-- registration.Testregistration -->
