<?xml version="1.0" encoding="UTF-8"?>
<!-- Generated by org.testng.reporters.JUnitReportReporter -->
<testsuite hostname="DESKTOP-089NAN2" name="excelprac.Testdata1" tests="1" failures="0" timestamp="18 Feb 2018 03:17:22 GMT" time="0.856" errors="0">
  <testcase name="normal" time="0.856" classname="excelprac.Testdata1"/>
</testsuite> <!-- excelprac.Testdata1 -->
