<?xml version="1.0" encoding="UTF-8"?>
<!-- Generated by org.testng.reporters.JUnitReportReporter -->
<testsuite hostname="DESKTOP-089NAN2" name="excelprac.Testdata3" tests="1" failures="0" timestamp="18 Feb 2018 03:38:50 GMT" time="0.932" errors="0">
  <testcase name="testing" time="0.932" classname="excelprac.Testdata3"/>
</testsuite> <!-- excelprac.Testdata3 -->
